c:\users\xj\documents\visual studio 2015\projects\wave\wave\debug\wave.pch
c:\users\xj\documents\visual studio 2015\projects\wave\wave\debug\vc140.pdb
c:\users\xj\documents\visual studio 2015\projects\wave\wave\debug\vc140.idb
c:\users\xj\documents\visual studio 2015\projects\wave\wave\debug\stdafx.obj
c:\users\xj\documents\visual studio 2015\projects\wave\wave\debug\chartctrl.obj
c:\users\xj\documents\visual studio 2015\projects\wave\wave\debug\chartcursor.obj
c:\users\xj\documents\visual studio 2015\projects\wave\wave\debug\chartdatetimeaxis.obj
c:\users\xj\documents\visual studio 2015\projects\wave\wave\debug\chartdraglinecursor.obj
c:\users\xj\documents\visual studio 2015\projects\wave\wave\debug\chartfont.obj
c:\users\xj\documents\visual studio 2015\projects\wave\wave\debug\chartganttserie.obj
c:\users\xj\documents\visual studio 2015\projects\wave\wave\debug\chartgradient.obj
c:\users\xj\documents\visual studio 2015\projects\wave\wave\debug\chartgrid.obj
c:\users\xj\documents\visual studio 2015\projects\wave\wave\debug\chartlegend.obj
c:\users\xj\documents\visual studio 2015\projects\wave\wave\debug\chartlineserie.obj
c:\users\xj\documents\visual studio 2015\projects\wave\wave\debug\chartlogarithmicaxis.obj
c:\users\xj\documents\visual studio 2015\projects\wave\wave\debug\chartpointsserie.obj
c:\users\xj\documents\visual studio 2015\projects\wave\wave\debug\chartscrollbar.obj
c:\users\xj\documents\visual studio 2015\projects\wave\wave\debug\chartserie.obj
c:\users\xj\documents\visual studio 2015\projects\wave\wave\debug\chartstandardaxis.obj
c:\users\xj\documents\visual studio 2015\projects\wave\wave\debug\chartsurfaceserie.obj
c:\users\xj\documents\visual studio 2015\projects\wave\wave\debug\charttitle.obj
c:\users\xj\documents\visual studio 2015\projects\wave\wave\debug\chartxyserie.obj
c:\users\xj\documents\visual studio 2015\projects\wave\wave\debug\wave.obj
c:\users\xj\documents\visual studio 2015\projects\wave\wave\debug\chartaxis.obj
c:\users\xj\documents\visual studio 2015\projects\wave\wave\debug\chartaxislabel.obj
c:\users\xj\documents\visual studio 2015\projects\wave\wave\debug\chartbarserie.obj
c:\users\xj\documents\visual studio 2015\projects\wave\wave\debug\chartcandlestickserie.obj
c:\users\xj\documents\visual studio 2015\projects\wave\wave\debug\chartcrosshaircursor.obj
c:\users\xj\documents\visual studio 2015\projects\wave\wave\debug\wavedlg.obj
c:\users\xj\documents\visual studio 2015\projects\wave\wave\debug\mynewdlg.obj
c:\users\xj\documents\visual studio 2015\projects\wave\wave\debug\aes.obj
c:\users\xj\documents\visual studio 2015\projects\wave\debug\wave.ilk
c:\users\xj\documents\visual studio 2015\projects\wave\debug\wave.exe
c:\users\xj\documents\visual studio 2015\projects\wave\debug\wave.pdb
c:\users\xj\documents\visual studio 2015\projects\wave\wave\debug\wave.res
c:\users\xj\documents\visual studio 2015\projects\wave\wave\debug\wave.tlog\cl.command.1.tlog
c:\users\xj\documents\visual studio 2015\projects\wave\wave\debug\wave.tlog\cl.read.1.tlog
c:\users\xj\documents\visual studio 2015\projects\wave\wave\debug\wave.tlog\cl.write.1.tlog
c:\users\xj\documents\visual studio 2015\projects\wave\wave\debug\wave.tlog\link.command.1.tlog
c:\users\xj\documents\visual studio 2015\projects\wave\wave\debug\wave.tlog\link.read.1.tlog
c:\users\xj\documents\visual studio 2015\projects\wave\wave\debug\wave.tlog\link.write.1.tlog
c:\users\xj\documents\visual studio 2015\projects\wave\wave\debug\wave.tlog\rc.command.1.tlog
c:\users\xj\documents\visual studio 2015\projects\wave\wave\debug\wave.tlog\rc.read.1.tlog
c:\users\xj\documents\visual studio 2015\projects\wave\wave\debug\wave.tlog\rc.write.1.tlog
