c:\users\xj\documents\visual studio 2015\projects\wave+client\wave\x64\release\vc140.pdb
c:\users\xj\documents\visual studio 2015\projects\wave+client\wave\x64\release\wave.obj
c:\users\xj\documents\visual studio 2015\projects\wave+client\wave\x64\release\mynewdlg.obj
c:\users\xj\documents\visual studio 2015\projects\wave+client\wave\x64\release\wavedlg.obj
c:\users\xj\documents\visual studio 2015\projects\wave+client\wave\x64\release\wave.pch
c:\users\xj\documents\visual studio 2015\projects\wave+client\wave\x64\release\stdafx.obj
c:\users\xj\documents\visual studio 2015\projects\wave+client\wave\x64\release\chartstandardaxis.obj
c:\users\xj\documents\visual studio 2015\projects\wave+client\wave\x64\release\chartserie.obj
c:\users\xj\documents\visual studio 2015\projects\wave+client\wave\x64\release\chartscrollbar.obj
c:\users\xj\documents\visual studio 2015\projects\wave+client\wave\x64\release\chartpointsserie.obj
c:\users\xj\documents\visual studio 2015\projects\wave+client\wave\x64\release\chartlogarithmicaxis.obj
c:\users\xj\documents\visual studio 2015\projects\wave+client\wave\x64\release\chartlineserie.obj
c:\users\xj\documents\visual studio 2015\projects\wave+client\wave\x64\release\chartlegend.obj
c:\users\xj\documents\visual studio 2015\projects\wave+client\wave\x64\release\chartgrid.obj
c:\users\xj\documents\visual studio 2015\projects\wave+client\wave\x64\release\chartgradient.obj
c:\users\xj\documents\visual studio 2015\projects\wave+client\wave\x64\release\chartganttserie.obj
c:\users\xj\documents\visual studio 2015\projects\wave+client\wave\x64\release\chartfont.obj
c:\users\xj\documents\visual studio 2015\projects\wave+client\wave\x64\release\chartdraglinecursor.obj
c:\users\xj\documents\visual studio 2015\projects\wave+client\wave\x64\release\chartdatetimeaxis.obj
c:\users\xj\documents\visual studio 2015\projects\wave+client\wave\x64\release\chartcursor.obj
c:\users\xj\documents\visual studio 2015\projects\wave+client\wave\x64\release\chartctrl.obj
c:\users\xj\documents\visual studio 2015\projects\wave+client\wave\x64\release\chartcrosshaircursor.obj
c:\users\xj\documents\visual studio 2015\projects\wave+client\wave\x64\release\chartcandlestickserie.obj
c:\users\xj\documents\visual studio 2015\projects\wave+client\wave\x64\release\chartbarserie.obj
c:\users\xj\documents\visual studio 2015\projects\wave+client\wave\x64\release\chartaxislabel.obj
c:\users\xj\documents\visual studio 2015\projects\wave+client\wave\x64\release\chartaxis.obj
c:\users\xj\documents\visual studio 2015\projects\wave+client\wave\x64\release\chartxyserie.obj
c:\users\xj\documents\visual studio 2015\projects\wave+client\wave\x64\release\charttitle.obj
c:\users\xj\documents\visual studio 2015\projects\wave+client\wave\x64\release\chartsurfaceserie.obj
c:\users\xj\documents\visual studio 2015\projects\wave+client\wave\x64\release\wave.res
c:\users\xj\documents\visual studio 2015\projects\wave+client\x64\release\wave.pdb
c:\users\xj\documents\visual studio 2015\projects\wave+client\wave\x64\release\wave.tlog\cl.command.1.tlog
c:\users\xj\documents\visual studio 2015\projects\wave+client\wave\x64\release\wave.tlog\cl.read.1.tlog
c:\users\xj\documents\visual studio 2015\projects\wave+client\wave\x64\release\wave.tlog\cl.write.1.tlog
c:\users\xj\documents\visual studio 2015\projects\wave+client\wave\x64\release\wave.tlog\link.command.1.tlog
c:\users\xj\documents\visual studio 2015\projects\wave+client\wave\x64\release\wave.tlog\link.read.1.tlog
c:\users\xj\documents\visual studio 2015\projects\wave+client\wave\x64\release\wave.tlog\link.write.1.tlog
c:\users\xj\documents\visual studio 2015\projects\wave+client\wave\x64\release\wave.tlog\rc.command.1.tlog
c:\users\xj\documents\visual studio 2015\projects\wave+client\wave\x64\release\wave.tlog\rc.read.1.tlog
c:\users\xj\documents\visual studio 2015\projects\wave+client\wave\x64\release\wave.tlog\rc.write.1.tlog
