  stdafx.cpp
  waveDlg.cpp
c:\users\xj\documents\visual studio 2015\projects\wave+client+debug\wave\wavedlg.cpp(125): warning C4244: “=”: 从“double”转换到“int”，可能丢失数据
c:\users\xj\documents\visual studio 2015\projects\wave+client+debug\wave\wavedlg.cpp(175): warning C4244: “=”: 从“double”转换到“int”，可能丢失数据
c:\users\xj\documents\visual studio 2015\projects\wave+client+debug\wave\wavedlg.cpp(252): warning C4244: “+=”: 从“double”转换到“int”，可能丢失数据
c:\users\xj\documents\visual studio 2015\projects\wave+client+debug\wave\wavedlg.cpp(256): warning C4244: “=”: 从“double”转换到“int”，可能丢失数据
c:\users\xj\documents\visual studio 2015\projects\wave+client+debug\wave\wavedlg.cpp(960): warning C4244: “=”: 从“ULONGLONG”转换到“DWORD”，可能丢失数据
c:\users\xj\documents\visual studio 2015\projects\wave+client+debug\wave\wavedlg.cpp(1056): warning C4244: “=”: 从“double”转换到“float”，可能丢失数据
c:\users\xj\documents\visual studio 2015\projects\wave+client+debug\wave\wavedlg.cpp(1058): warning C4244: “=”: 从“double”转换到“float”，可能丢失数据
c:\users\xj\documents\visual studio 2015\projects\wave+client+debug\wave\wavedlg.cpp(1185): warning C4018: “<”: 有符号/无符号不匹配
c:\users\xj\documents\visual studio 2015\projects\wave+client+debug\wave\wavedlg.cpp(1193): warning C4101: “nfft21”: 未引用的局部变量
c:\users\xj\documents\visual studio 2015\projects\wave+client+debug\wave\wavedlg.cpp(1277): warning C4101: “nfft21”: 未引用的局部变量
c:\users\xj\documents\visual studio 2015\projects\wave+client+debug\wave\wavedlg.cpp(1655): warning C4800: “BOOL”: 将值强制为布尔值“true”或“false”(性能警告)
c:\users\xj\documents\visual studio 2015\projects\wave+client+debug\wave\wavedlg.cpp(1656): warning C4800: “BOOL”: 将值强制为布尔值“true”或“false”(性能警告)
c:\users\xj\documents\visual studio 2015\projects\wave+client+debug\wave\wavedlg.cpp(1657): warning C4800: “BOOL”: 将值强制为布尔值“true”或“false”(性能警告)
c:\users\xj\documents\visual studio 2015\projects\wave+client+debug\wave\wavedlg.cpp(1658): warning C4800: “BOOL”: 将值强制为布尔值“true”或“false”(性能警告)
  wave.cpp
  MyNewDlg.cpp
  ChartXYSerie.cpp
  ChartTitle.cpp
c:\users\xj\documents\visual studio 2015\projects\wave+client+debug\wave\chartctrl\charttitle.cpp(122): warning C4267: “参数”: 从“size_t”转换到“const int”，可能丢失数据
c:\users\xj\documents\visual studio 2015\projects\wave+client+debug\wave\chartctrl\charttitle.cpp(176): warning C4267: “参数”: 从“size_t”转换到“const int”，可能丢失数据
  ChartSurfaceSerie.cpp
  ChartStandardAxis.cpp
  ChartSerie.cpp
  ChartScrollBar.cpp
  ChartPointsSerie.cpp
  ChartLogarithmicAxis.cpp
  ChartLineSerie.cpp
  ChartLegend.cpp
  ChartGrid.cpp
  ChartGradient.cpp
  ChartGanttSerie.cpp
  ChartFont.cpp
  ChartDragLineCursor.cpp
  ChartDateTimeAxis.cpp
  ChartCursor.cpp
  正在生成代码...
c:\users\xj\documents\visual studio 2015\projects\wave+client+debug\wave\wavedlg.cpp(136): warning C4715: “Sampling_Anylysis”: 不是所有的控件路径都返回值
  正在编译...
  ChartCtrl.cpp
c:\users\xj\documents\visual studio 2015\projects\wave+client+debug\wave\chartctrl\chartctrl.cpp(623): warning C4267: “参数”: 从“size_t”转换到“const unsigned int”，可能丢失数据
  ChartCrossHairCursor.cpp
  ChartCandlestickSerie.cpp
  ChartBarSerie.cpp
  ChartAxisLabel.cpp
  ChartAxis.cpp
c:\users\xj\documents\visual studio 2015\projects\wave+client+debug\wave\chartctrl\chartaxis.cpp(305): warning C4267: “参数”: 从“size_t”转换到“int”，可能丢失数据
c:\users\xj\documents\visual studio 2015\projects\wave+client+debug\wave\chartctrl\chartaxis.cpp(315): warning C4267: “参数”: 从“size_t”转换到“int”，可能丢失数据
  正在生成代码...
  wave.vcxproj -> C:\Users\xj\Documents\Visual Studio 2015\Projects\wave+client+debug\x64\Debug\wave.exe
